<?xml version="1.0" encoding="utf-8"?><testsuites name="pytest tests"><testsuite name="pytest" errors="0" failures="0" skipped="0" tests="65" time="15.513" timestamp="2026-09-02T05:20:24.347244+00:00" hostname="agent-env-9634ff20-d90f-4a75-80aa-79bc6ccdda3e"><testcase classname="tests.backend_test" name="test_admin_endpoints_require_auth[get-/events]" time="0.231" /><testcase classname="tests.test_lut_api.TestLutFeature" name="test_upload_requires_admin" time="0.505" /><testcase classname="tests.backend_test" name="test_admin_endpoints_require_auth[post-/events]" time="0.126" /><testcase classname="tests.backend_test" name="test_admin_endpoints_require_auth[get-/templates]" time="0.115" /><testcase classname="tests.backend_test" name="test_admin_endpoints_require_auth[post-/templates]" time="0.126" /><testcase classname="tests.backend_test" name="test_admin_endpoints_require_auth[get-/presets]" time="0.274" /><testcase classname="tests.test_lut_api.TestLutFeature" name="test_upload_valid_cube" time="0.553" /><testcase classname="tests.backend_test" name="test_admin_endpoints_require_auth[get-/stats]" time="0.174" /><testcase classname="tests.backend_test" name="test_admin_endpoints_require_auth[get-/print/queue]" time="0.123" /><testcase classname="tests.test_lut_api.TestLutFeature" name="test_upload_wrong_extension_400" time="0.076" /><testcase classname="tests.test_lut_api.TestLutFeature" name="test_upload_unparseable_cube_400" time="0.111" /><testcase classname="tests.backend_test" name="test_admin_endpoints_require_auth[get-/sessions]" time="0.170" /><testcase classname="tests.test_lut_api.TestLutFeature" name="test_upload_truncated_cube_400" time="0.063" /><testcase classname="tests.test_lut_api.TestLutFeature" name="test_strip_png_public_and_layout" time="0.653" /><testcase classname="tests.backend_test" name="test_print_dimensions_per_template[tpl-classic-strip-expected0]" time="1.182" /><testcase classname="tests.test_lut_api.TestLutFeature" name="test_strip_png_404_for_preset_without_lut" time="0.119" /><testcase classname="tests.test_lut_api.TestLutFeature" name="test_strip_png_404_unknown_preset" time="0.108" /><testcase classname="tests.test_lut_api.TestLutFeature" name="test_delete_requires_admin" time="0.099" /><testcase classname="tests.test_lut_api.TestLutFeature" name="test_delete_clears_fields" time="0.428" /><testcase classname="tests.backend_test" name="test_print_dimensions_per_template[tpl-strip-double-expected1]" time="0.918" /><testcase classname="tests.test_lut_api.TestLutFeature" name="test_print_differs_with_lut" time="3.690" /><testcase classname="tests.backend_test" name="test_print_dimensions_per_template[tpl-4x6-single-expected2]" time="0.768" /><testcase classname="tests.backend_test" name="test_print_dimensions_per_template[tpl-square-social-expected3]" time="0.628" /><testcase classname="tests.backend_test" name="test_retake_replaces_slot" time="0.361" /><testcase classname="tests.test_lut_api.TestLutFeature" name="test_zz_identity_lut_print_is_visually_unchanged" time="3.136" /><testcase classname="tests.backend_test" name="test_print_job_lifecycle" time="3.682" /><testcase classname="tests.backend_test" name="test_print_unfinalized_session_400" time="0.163" /><testcase classname="tests.backend_test" name="test_hardware_status_public" time="0.160" /><testcase classname="tests.backend_test" name="test_stats_admin" time="0.215" /><testcase classname="tests.backend_test" name="test_expired_qr_returns_410" time="1.130" /><testcase classname="tests.backend_test.TestAuth" name="test_login_success_sets_cookie" time="0.453" /><testcase classname="tests.backend_test.TestAuth" name="test_login_wrong_password" time="0.270" /><testcase classname="tests.backend_test.TestAuth" name="test_me_with_bearer_only" time="0.143" /><testcase classname="tests.backend_test.TestAuth" name="test_me_unauthenticated" time="0.098" /><testcase classname="tests.backend_test.TestAuth" name="test_me_invalid_token" time="0.107" /><testcase classname="tests.backend_test.TestSessionFlow" name="test_start_has_qr_token" time="0.000" /><testcase classname="tests.backend_test.TestSessionFlow" name="test_finalize_response" time="0.000" /><testcase classname="tests.backend_test.TestSessionFlow" name="test_session_doc" time="0.118" /><testcase classname="tests.backend_test.TestAuth" name="test_verify_pin_ok" time="0.101" /><testcase classname="tests.backend_test.TestSessionFlow" name="test_print_file_dimensions_and_dpi" time="0.109" /><testcase classname="tests.backend_test.TestAuth" name="test_verify_pin_wrong" time="0.121" /><testcase classname="tests.backend_test.TestSessionFlow" name="test_web_file_served" time="0.270" /><testcase classname="tests.backend_test.TestAuth" name="test_auth_init_already_initialized" time="0.137" /><testcase classname="tests.backend_test.TestSessionFlow" name="test_missing_file_404" time="0.097" /><testcase classname="tests.backend_test.TestSessionFlow" name="test_photo_unknown_session_404" time="0.159" /><testcase classname="tests.backend_test.TestSessionFlow" name="test_session_not_found" time="0.596" /><testcase classname="tests.backend_test.TestGuestGallery" name="test_gallery_public" time="0.893" /><testcase classname="tests.backend_test.TestGuestGallery" name="test_gallery_bad_token" time="0.119" /><testcase classname="tests.test_lut_parity" name="test_identity_cube_is_noop" time="0.035" /><testcase classname="tests.test_lut_parity" name="test_trilinear_matches_scipy_reference" time="0.761" /><testcase classname="tests.backend_test.TestGuestGallery" name="test_zip" time="0.188" /><testcase classname="tests.backend_test.TestGuestGallery" name="test_lead" time="0.103" /><testcase classname="tests.backend_test.TestGuestGallery" name="test_lead_bad_token" time="0.133" /><testcase classname="tests.backend_test.TestGuestGallery" name="test_qr_png" time="0.127" /><testcase classname="tests.backend_test.TestHealth" name="test_root" time="0.044" /><testcase classname="tests.backend_test.TestHealth" name="test_active_event_seeded" time="0.072" /><testcase classname="tests.backend_test.TestEvents" name="test_list_events" time="0.061" /><testcase classname="tests.test_lut_parity" name="test_preview_matches_print_on_reference_image" time="0.044" /><testcase classname="tests.backend_test.TestEvents" name="test_create_update_activate_delete" time="0.529" /><testcase classname="tests.test_lut_parity" name="test_strip_png_roundtrip" time="0.010" /><testcase classname="tests.test_lut_parity" name="test_compose_print_uses_lut" time="1.404" /><testcase classname="tests.backend_test.TestTemplates" name="test_list_seeded" time="0.072" /><testcase classname="tests.backend_test.TestTemplates" name="test_crud" time="0.786" /><testcase classname="tests.backend_test.TestPresets" name="test_list_12_enabled" time="0.060" /><testcase classname="tests.backend_test.TestPresets" name="test_toggle_enabled" time="0.733" /></testsuite></testsuites>