<?xml version="1.0" encoding="utf-8"?><testsuites name="pytest tests"><testsuite name="pytest" errors="0" failures="0" skipped="0" tests="74" time="16.527" timestamp="2026-09-02T06:23:05.186445+00:00" hostname="agent-env-9634ff20-d90f-4a75-80aa-79bc6ccdda3e"><testcase classname="tests.backend_test" name="test_admin_endpoints_require_auth[get-/events]" time="0.274" /><testcase classname="tests.test_lut_api.TestLutFeature" name="test_upload_requires_admin" time="0.376" /><testcase classname="tests.backend_test" name="test_admin_endpoints_require_auth[post-/events]" time="0.241" /><testcase classname="tests.backend_test" name="test_admin_endpoints_require_auth[get-/templates]" time="0.140" /><testcase classname="tests.backend_test" name="test_admin_endpoints_require_auth[post-/templates]" time="0.142" /><testcase classname="tests.backend_test" name="test_admin_endpoints_require_auth[get-/presets]" time="0.219" /><testcase classname="tests.backend_test" name="test_admin_endpoints_require_auth[get-/stats]" time="0.143" /><testcase classname="tests.backend_test" name="test_admin_endpoints_require_auth[get-/print/queue]" time="0.177" /><testcase classname="tests.backend_test" name="test_admin_endpoints_require_auth[get-/sessions]" time="0.124" /><testcase classname="tests.backend_test" name="test_print_dimensions_per_template[tpl-classic-strip-expected0]" time="0.936" /><testcase classname="tests.test_lut_api.TestLutFeature" name="test_upload_valid_cube" time="1.815" /><testcase classname="tests.test_lut_api.TestLutFeature" name="test_upload_wrong_extension_400" time="0.073" /><testcase classname="tests.test_lut_api.TestLutFeature" name="test_upload_unparseable_cube_400" time="0.068" /><testcase classname="tests.test_lut_api.TestLutFeature" name="test_upload_truncated_cube_400" time="0.059" /><testcase classname="tests.test_lut_api.TestLutFeature" name="test_strip_png_public_and_layout" time="0.801" /><testcase classname="tests.backend_test" name="test_print_dimensions_per_template[tpl-strip-double-expected1]" time="0.908" /><testcase classname="tests.test_lut_api.TestLutFeature" name="test_strip_png_404_for_preset_without_lut" time="0.212" /><testcase classname="tests.backend_test" name="test_print_dimensions_per_template[tpl-4x6-single-expected2]" time="0.587" /><testcase classname="tests.test_lut_api.TestLutFeature" name="test_strip_png_404_unknown_preset" time="0.117" /><testcase classname="tests.test_lut_api.TestLutFeature" name="test_delete_requires_admin" time="0.141" /><testcase classname="tests.test_lut_api.TestLutFeature" name="test_delete_clears_fields" time="0.454" /><testcase classname="tests.backend_test" name="test_print_dimensions_per_template[tpl-square-social-expected3]" time="0.591" /><testcase classname="tests.test_lut_api.TestLutFeature" name="test_print_differs_with_lut" time="4.804" /><testcase classname="tests.backend_test" name="test_retake_replaces_slot" time="0.262" /><testcase classname="tests.backend_test" name="test_print_job_lifecycle" time="3.386" /><testcase classname="tests.backend_test" name="test_print_unfinalized_session_400" time="0.114" /><testcase classname="tests.backend_test" name="test_hardware_status_public" time="0.166" /><testcase classname="tests.backend_test" name="test_stats_admin" time="0.065" /><testcase classname="tests.backend_test" name="test_expired_qr_returns_410" time="0.743" /><testcase classname="tests.test_lut_api.TestLutFeature" name="test_zz_identity_lut_print_is_visually_unchanged" time="3.838" /><testcase classname="tests.backend_test.TestSessionFlow" name="test_start_has_qr_token" time="0.000" /><testcase classname="tests.backend_test.TestSessionFlow" name="test_finalize_response" time="0.000" /><testcase classname="tests.backend_test.TestSessionFlow" name="test_session_doc" time="0.055" /><testcase classname="tests.backend_test.TestSessionFlow" name="test_print_file_dimensions_and_dpi" time="0.060" /><testcase classname="tests.backend_test.TestSessionFlow" name="test_web_file_served" time="0.127" /><testcase classname="tests.backend_test.TestSessionFlow" name="test_missing_file_404" time="0.067" /><testcase classname="tests.backend_test.TestSessionFlow" name="test_photo_unknown_session_404" time="0.086" /><testcase classname="tests.backend_test.TestSessionFlow" name="test_session_not_found" time="0.056" /><testcase classname="tests.backend_test.TestGuestGallery" name="test_gallery_public" time="0.147" /><testcase classname="tests.backend_test.TestGuestGallery" name="test_gallery_bad_token" time="0.161" /><testcase classname="tests.backend_test.TestGuestGallery" name="test_zip" time="0.183" /><testcase classname="tests.backend_test.TestGuestGallery" name="test_lead" time="0.133" /><testcase classname="tests.backend_test.TestGuestGallery" name="test_lead_bad_token" time="0.159" /><testcase classname="tests.backend_test.TestGuestGallery" name="test_qr_png" time="0.736" /><testcase classname="tests.test_cloud_sync" name="test_logging_driver_writes_outbox" time="0.003" /><testcase classname="tests.test_cloud_sync" name="test_http_driver_returns_none_on_connection_error" time="0.088" /><testcase classname="tests.test_cloud_sync" name="test_worker_drain_marks_synced" time="0.002" /><testcase classname="tests.test_cloud_sync" name="test_worker_skips_when_offline" time="0.001" /><testcase classname="tests.test_cloud_sync" name="test_worker_records_error_on_failed_driver" time="0.001" /><testcase classname="tests.test_cloud_sync" name="test_default_driver_switches_on_env" time="0.000" /><testcase classname="tests.test_lut_parity" name="test_identity_cube_is_noop" time="0.015" /><testcase classname="tests.test_lut_parity" name="test_trilinear_matches_scipy_reference" time="0.361" /><testcase classname="tests.test_lut_parity" name="test_preview_matches_print_on_reference_image" time="0.075" /><testcase classname="tests.test_lut_parity" name="test_strip_png_roundtrip" time="0.014" /><testcase classname="tests.test_lut_parity" name="test_compose_print_uses_lut" time="1.617" /><testcase classname="tests.backend_test.TestAuth" name="test_login_success_sets_cookie" time="0.400" /><testcase classname="tests.backend_test.TestAuth" name="test_login_wrong_password" time="0.339" /><testcase classname="tests.test_boomerang" name="test_ping_pong_drops_endpoints" time="0.000" /><testcase classname="tests.test_boomerang" name="test_gif_encodes_ping_pong" time="0.073" /><testcase classname="tests.test_boomerang" name="test_mp4_encodes_ping_pong" time="0.102" /><testcase classname="tests.backend_test.TestAuth" name="test_me_with_bearer_only" time="0.150" /><testcase classname="tests.backend_test.TestHealth" name="test_root" time="0.056" /><testcase classname="tests.backend_test.TestHealth" name="test_active_event_seeded" time="0.067" /><testcase classname="tests.backend_test.TestAuth" name="test_me_unauthenticated" time="0.162" /><testcase classname="tests.backend_test.TestEvents" name="test_list_events" time="0.058" /><testcase classname="tests.backend_test.TestEvents" name="test_create_update_activate_delete" time="0.490" /><testcase classname="tests.backend_test.TestAuth" name="test_me_invalid_token" time="0.286" /><testcase classname="tests.backend_test.TestAuth" name="test_verify_pin_ok" time="0.167" /><testcase classname="tests.backend_test.TestTemplates" name="test_list_seeded" time="0.074" /><testcase classname="tests.backend_test.TestAuth" name="test_verify_pin_wrong" time="0.137" /><testcase classname="tests.backend_test.TestTemplates" name="test_crud" time="0.403" /><testcase classname="tests.backend_test.TestAuth" name="test_auth_init_already_initialized" time="0.750" /><testcase classname="tests.backend_test.TestPresets" name="test_list_12_enabled" time="0.267" /><testcase classname="tests.backend_test.TestPresets" name="test_toggle_enabled" time="0.827" /></testsuite></testsuites>